<?xml version="1.0" encoding="UTF-8"?>
<!-- Generated by org.testng.reporters.JUnitReportReporter -->
<testsuite hostname="DESKTOP-GL27Q22" failures="0" tests="2" name="Com.CreateOpportunityPage.CreateOppurtunityClass" time="4.420" errors="1" timestamp="2021-04-24T17:19:12 IST" skipped="1">
  <testcase classname="Com.CreateOpportunityPage.CreateOppurtunityClass" name="Samplepage" time="0.000">
    <skipped/>
  </testcase> <!-- Samplepage -->
  <system-out/>
  <testcase classname="Com.CreateOpportunityPage.CreateOppurtunityClass" name="BC" time="4.420">
    <error message="session not created: This version of ChromeDriver only supports Chrome version 88
Current browser version is 90.0.4430.85 with binary path C:\Program Files (x86)\Google\Chrome\Application\chrome.exe
Build info: version: &#039;3.141.59&#039;, revision: &#039;e82be7d358&#039;, time: &#039;2018-11-14T08:17:03&#039;
System info: host: &#039;DESKTOP-GL27Q22&#039;, ip: &#039;192.168.1.100&#039;, os.name: &#039;Windows 10&#039;, os.arch: &#039;amd64&#039;, os.version: &#039;10.0&#039;, java.version: &#039;15.0.1&#039;
Driver info: driver.version: ChromeDriver
remote stacktrace: Backtrace:
	GetHandleVerifier [0x00C7B963+483]
	GetHandleVerifier [0x00C7B941+449]
	GetHandleVerifier [0x01023308+3832712]
	GetHandleVerifier [0x0103D69A+3940122]
	GetHandleVerifier [0x01039AFB+3924859]
	GetHandleVerifier [0x01037D9C+3917340]
	GetHandleVerifier [0x0105E7FE+4075646]
	GetHandleVerifier [0x0105E56C+4074988]
	GetHandleVerifier [0x0105B2EB+4062059]
	GetHandleVerifier [0x0103ED14+3945876]
	GetHandleVerifier [0x0103FBCE+3949646]
	GetHandleVerifier [0x0103FB59+3949529]
	Ordinal0 [0x00C3B5CC+46540]
	Ordinal0 [0x00C39F53+40787]
	Ordinal0 [0x00C39B12+39698]
	GetHandleVerifier [0x00F41468+2907368]
	GetHandleVerifier [0x00D871EE+1096302]
	GetHandleVerifier [0x00D43E8D+821005]
	GetHandleVerifier [0x00D4396B+819691]
	GetHandleVerifier [0x00D43881+819457]
	GetHandleVerifier [0x00D6F463+998627]
	BaseThreadInitThunk [0x75136359+25]
	RtlGetAppContainerNamedObjectPath [0x771B8964+228]
	RtlGetAppContainerNamedObjectPath [0x771B8934+180]
" type="org.openqa.selenium.SessionNotCreatedException">
      <![CDATA[org.openqa.selenium.SessionNotCreatedException: session not created: This version of ChromeDriver only supports Chrome version 88
Current browser version is 90.0.4430.85 with binary path C:\Program Files (x86)\Google\Chrome\Application\chrome.exe
Build info: version: '3.141.59', revision: 'e82be7d358', time: '2018-11-14T08:17:03'
System info: host: 'DESKTOP-GL27Q22', ip: '192.168.1.100', os.name: 'Windows 10', os.arch: 'amd64', os.version: '10.0', java.version: '15.0.1'
Driver info: driver.version: ChromeDriver
remote stacktrace: Backtrace:
GetHandleVerifier [0x00C7B963+483]
GetHandleVerifier [0x00C7B941+449]
GetHandleVerifier [0x01023308+3832712]
GetHandleVerifier [0x0103D69A+3940122]
GetHandleVerifier [0x01039AFB+3924859]
GetHandleVerifier [0x01037D9C+3917340]
GetHandleVerifier [0x0105E7FE+4075646]
GetHandleVerifier [0x0105E56C+4074988]
GetHandleVerifier [0x0105B2EB+4062059]
GetHandleVerifier [0x0103ED14+3945876]
GetHandleVerifier [0x0103FBCE+3949646]
GetHandleVerifier [0x0103FB59+3949529]
Ordinal0 [0x00C3B5CC+46540]
Ordinal0 [0x00C39F53+40787]
Ordinal0 [0x00C39B12+39698]
GetHandleVerifier [0x00F41468+2907368]
GetHandleVerifier [0x00D871EE+1096302]
GetHandleVerifier [0x00D43E8D+821005]
GetHandleVerifier [0x00D4396B+819691]
GetHandleVerifier [0x00D43881+819457]
GetHandleVerifier [0x00D6F463+998627]
BaseThreadInitThunk [0x75136359+25]
RtlGetAppContainerNamedObjectPath [0x771B8964+228]
RtlGetAppContainerNamedObjectPath [0x771B8934+180]

at java.base/jdk.internal.reflect.NativeConstructorAccessorImpl.newInstance0(Native Method)
at java.base/jdk.internal.reflect.NativeConstructorAccessorImpl.newInstance(NativeConstructorAccessorImpl.java:64)
at java.base/jdk.internal.reflect.DelegatingConstructorAccessorImpl.newInstance(DelegatingConstructorAccessorImpl.java:45)
at java.base/java.lang.reflect.Constructor.newInstanceWithCaller(Constructor.java:500)
at java.base/java.lang.reflect.Constructor.newInstance(Constructor.java:481)
at org.openqa.selenium.remote.W3CHandshakeResponse.lambda$errorHandler$0(W3CHandshakeResponse.java:62)
at org.openqa.selenium.remote.HandshakeResponse.lambda$getResponseFunction$0(HandshakeResponse.java:30)
at org.openqa.selenium.remote.ProtocolHandshake.lambda$createSession$0(ProtocolHandshake.java:126)
at java.base/java.util.stream.ReferencePipeline$3$1.accept(ReferencePipeline.java:195)
at java.base/java.util.Spliterators$ArraySpliterator.tryAdvance(Spliterators.java:958)
at java.base/java.util.stream.ReferencePipeline.forEachWithCancel(ReferencePipeline.java:127)
at java.base/java.util.stream.AbstractPipeline.copyIntoWithCancel(AbstractPipeline.java:502)
at java.base/java.util.stream.AbstractPipeline.copyInto(AbstractPipeline.java:488)
at java.base/java.util.stream.AbstractPipeline.wrapAndCopyInto(AbstractPipeline.java:474)
at java.base/java.util.stream.FindOps$FindOp.evaluateSequential(FindOps.java:150)
at java.base/java.util.stream.AbstractPipeline.evaluate(AbstractPipeline.java:234)
at java.base/java.util.stream.ReferencePipeline.findFirst(ReferencePipeline.java:543)
at org.openqa.selenium.remote.ProtocolHandshake.createSession(ProtocolHandshake.java:128)
at org.openqa.selenium.remote.ProtocolHandshake.createSession(ProtocolHandshake.java:74)
at org.openqa.selenium.remote.HttpCommandExecutor.execute(HttpCommandExecutor.java:136)
at org.openqa.selenium.remote.service.DriverCommandExecutor.execute(DriverCommandExecutor.java:83)
at org.openqa.selenium.remote.RemoteWebDriver.execute(RemoteWebDriver.java:552)
at org.openqa.selenium.remote.RemoteWebDriver.startSession(RemoteWebDriver.java:213)
at org.openqa.selenium.remote.RemoteWebDriver.<init>(RemoteWebDriver.java:131)
at org.openqa.selenium.chrome.ChromeDriver.<init>(ChromeDriver.java:181)
at org.openqa.selenium.chrome.ChromeDriver.<init>(ChromeDriver.java:168)
at org.openqa.selenium.chrome.ChromeDriver.<init>(ChromeDriver.java:123)
at GeneriRepo.BaseClass.BC(BaseClass.java:29)
at java.base/jdk.internal.reflect.NativeMethodAccessorImpl.invoke0(Native Method)
at java.base/jdk.internal.reflect.NativeMethodAccessorImpl.invoke(NativeMethodAccessorImpl.java:64)
at java.base/jdk.internal.reflect.DelegatingMethodAccessorImpl.invoke(DelegatingMethodAccessorImpl.java:43)
at java.base/java.lang.reflect.Method.invoke(Method.java:564)
at org.testng.internal.MethodInvocationHelper.invokeMethod(MethodInvocationHelper.java:132)
at org.testng.internal.MethodInvocationHelper.invokeMethodConsideringTimeout(MethodInvocationHelper.java:61)
at org.testng.internal.ConfigInvoker.invokeConfigurationMethod(ConfigInvoker.java:366)
at org.testng.internal.ConfigInvoker.invokeConfigurations(ConfigInvoker.java:320)
at org.testng.internal.TestMethodWorker.invokeBeforeClassMethods(TestMethodWorker.java:176)
at org.testng.internal.TestMethodWorker.run(TestMethodWorker.java:122)
at java.base/java.util.ArrayList.forEach(ArrayList.java:1511)
at org.testng.TestRunner.privateRun(TestRunner.java:764)
at org.testng.TestRunner.run(TestRunner.java:585)
at org.testng.SuiteRunner.runTest(SuiteRunner.java:384)
at org.testng.SuiteRunner.runSequentially(SuiteRunner.java:378)
at org.testng.SuiteRunner.privateRun(SuiteRunner.java:337)
at org.testng.SuiteRunner.run(SuiteRunner.java:286)
at org.testng.SuiteRunnerWorker.runSuite(SuiteRunnerWorker.java:53)
at org.testng.SuiteRunnerWorker.run(SuiteRunnerWorker.java:96)
at org.testng.TestNG.runSuitesSequentially(TestNG.java:1218)
at org.testng.TestNG.runSuitesLocally(TestNG.java:1140)
at org.testng.TestNG.runSuites(TestNG.java:1069)
at org.testng.TestNG.run(TestNG.java:1037)
at org.testng.remote.AbstractRemoteTestNG.run(AbstractRemoteTestNG.java:115)
at org.testng.remote.RemoteTestNG.initAndRun(RemoteTestNG.java:251)
at org.testng.remote.RemoteTestNG.main(RemoteTestNG.java:77)
]]>
    </error>
  </testcase> <!-- BC -->
  <system-out/>
</testsuite> <!-- Com.CreateOpportunityPage.CreateOppurtunityClass -->
